<?xml version="1.0" encoding="UTF-8"?>
<!-- Generated by org.testng.reporters.JUnitReportReporter -->
<testsuite skipped="0" hostname="DESKTOP-159BPU0" name="com.FlipkartKiwiqaFramework.product.ProductIndex" tests="1" failures="0" timestamp="13 May 2020 07:55:40 GMT" time="41.313" errors="0">
  <testcase name="flipkart" time="41.313" classname="com.FlipkartKiwiqaFramework.product.ProductIndex"/>
</testsuite> <!-- com.FlipkartKiwiqaFramework.product.ProductIndex -->
