<?xml version="1.0" encoding="UTF-8"?>
<!-- Generated by org.testng.reporters.JUnitReportReporter -->
<testsuite skipped="0" hostname="DESKTOP-159BPU0" name="com.FlipkartKiwiqaFramework.product.ProductIndex" tests="1" failures="0" timestamp="13 May 2020 10:56:43 GMT" time="72.415" errors="0">
  <testcase name="flipkart" time="72.415" classname="com.FlipkartKiwiqaFramework.product.ProductIndex"/>
</testsuite> <!-- com.FlipkartKiwiqaFramework.product.ProductIndex -->
