<?xml version="1.0" encoding="UTF-8"?>
<!-- Generated by org.testng.reporters.JUnitReportReporter -->
<testsuite skipped="0" hostname="DESKTOP-159BPU0" name="com.FlipkartKiwiqaFramework.product.ProductIndex" tests="1" failures="0" timestamp="04 May 2020 08:53:16 GMT" time="44.474" errors="0">
  <testcase name="flipkart" time="44.474" classname="com.FlipkartKiwiqaFramework.product.ProductIndex"/>
</testsuite> <!-- com.FlipkartKiwiqaFramework.product.ProductIndex -->
