<?xml version="1.0" encoding="UTF-8"?>
<!-- Generated by org.testng.reporters.JUnitReportReporter -->
<testsuite skipped="0" hostname="DESKTOP-159BPU0" name="com.FlipkartKiwiqaFramework.product.ProductIndex" tests="1" failures="0" timestamp="06 May 2020 09:45:25 GMT" time="97.939" errors="1">
  <testcase name="flipkart" time="97.939" classname="com.FlipkartKiwiqaFramework.product.ProductIndex">
    <error type="org.openqa.selenium.TimeoutException" message="Timed out after 10 seconds waiting for element to be clickable: [[RemoteWebDriver: chrome on ANY (8e55458b114f3b6635a0cbd6d16b9134)] -&gt; xpath: .//a[@title=&#039;Realme&#039;]]
Build info: version: &#039;2.53.1&#039;, revision: &#039;a36b8b1cd5757287168e54b817830adce9b0158d&#039;, time: &#039;2016-06-30 19:26:09&#039;
System info: host: &#039;DESKTOP-159BPU0&#039;, ip: &#039;192.168.43.234&#039;, os.name: &#039;Windows 10&#039;, os.arch: &#039;amd64&#039;, os.version: &#039;10.0&#039;, java.version: &#039;1.8.0_60&#039;
Driver info: org.openqa.selenium.remote.RemoteWebDriver
Capabilities [{networkConnectionEnabled=false, chrome={chromedriverVersion=80.0.3987.106 (f68069574609230cf9b635cd784cfb1bf81bb53a-refs/branch-heads/3987@{#882}), userDataDir=C:\WINDOWS\TEMP\scoped_dir17056_1678764297}, timeouts={implicit=0, pageLoad=300000, script=30000}, pageLoadStrategy=normal, unhandledPromptBehavior=ignore, strictFileInteractability=false, platform=ANY, proxy={}, goog:chromeOptions={debuggerAddress=localhost:57957}, webdriver.remote.sessionid=8e55458b114f3b6635a0cbd6d16b9134, acceptInsecureCerts=false, browserVersion=81.0.4044.122, browserName=chrome, platformName=windows, setWindowRect=true}]
Session ID: 8e55458b114f3b6635a0cbd6d16b9134">
      <![CDATA[org.openqa.selenium.TimeoutException: Timed out after 10 seconds waiting for element to be clickable: [[RemoteWebDriver: chrome on ANY (8e55458b114f3b6635a0cbd6d16b9134)] -> xpath: .//a[@title='Realme']]Build info: version: '2.53.1', revision: 'a36b8b1cd5757287168e54b817830adce9b0158d', time: '2016-06-30 19:26:09'System info: host: 'DESKTOP-159BPU0', ip: '192.168.43.234', os.name: 'Windows 10', os.arch: 'amd64', os.version: '10.0', java.version: '1.8.0_60'Driver info: org.openqa.selenium.remote.RemoteWebDriverCapabilities [{networkConnectionEnabled=false, chrome={chromedriverVersion=80.0.3987.106 (f68069574609230cf9b635cd784cfb1bf81bb53a-refs/branch-heads/3987@{#882}), userDataDir=C:\WINDOWS\TEMP\scoped_dir17056_1678764297}, timeouts={implicit=0, pageLoad=300000, script=30000}, pageLoadStrategy=normal, unhandledPromptBehavior=ignore, strictFileInteractability=false, platform=ANY, proxy={}, goog:chromeOptions={debuggerAddress=localhost:57957}, webdriver.remote.sessionid=8e55458b114f3b6635a0cbd6d16b9134, acceptInsecureCerts=false, browserVersion=81.0.4044.122, browserName=chrome, platformName=windows, setWindowRect=true}]Session ID: 8e55458b114f3b6635a0cbd6d16b9134at org.openqa.selenium.support.ui.WebDriverWait.timeoutException(WebDriverWait.java:80)at org.openqa.selenium.support.ui.FluentWait.until(FluentWait.java:261)at com.FlipkartKiwiqaFramework.Init.Common.clickableElement(Common.java:682)at com.FlipkartKiwiqaFramework.product.ProductIndexPage.clickonRealme(ProductIndexPage.java:55)at com.FlipkartKiwiqaFramework.product.ProductIndex.flipkart(ProductIndex.java:28)at sun.reflect.NativeMethodAccessorImpl.invoke0(Native Method)at sun.reflect.NativeMethodAccessorImpl.invoke(NativeMethodAccessorImpl.java:62)at sun.reflect.DelegatingMethodAccessorImpl.invoke(DelegatingMethodAccessorImpl.java:43)at java.lang.reflect.Method.invoke(Method.java:497)at org.testng.internal.MethodInvocationHelper.invokeMethod(MethodInvocationHelper.java:124)at org.testng.internal.Invoker.invokeMethod(Invoker.java:571)at org.testng.internal.Invoker.invokeTestMethod(Invoker.java:707)at org.testng.internal.Invoker.invokeTestMethods(Invoker.java:979)at org.testng.internal.TestMethodWorker.invokeTestMethods(TestMethodWorker.java:125)at org.testng.internal.TestMethodWorker.run(TestMethodWorker.java:109)at org.testng.TestRunner.privateRun(TestRunner.java:648)at org.testng.TestRunner.run(TestRunner.java:505)at org.testng.SuiteRunner.runTest(SuiteRunner.java:455)at org.testng.SuiteRunner.runSequentially(SuiteRunner.java:450)at org.testng.SuiteRunner.privateRun(SuiteRunner.java:415)at org.testng.SuiteRunner.run(SuiteRunner.java:364)at org.testng.SuiteRunnerWorker.runSuite(SuiteRunnerWorker.java:52)at org.testng.SuiteRunnerWorker.run(SuiteRunnerWorker.java:84)at org.testng.TestNG.runSuitesSequentially(TestNG.java:1187)at org.testng.TestNG.runSuitesLocally(TestNG.java:1116)at org.testng.TestNG.runSuites(TestNG.java:1028)at org.testng.TestNG.run(TestNG.java:996)at org.apache.maven.surefire.testng.TestNGExecutor.run(TestNGExecutor.java:283)at org.apache.maven.surefire.testng.TestNGXmlTestSuite.execute(TestNGXmlTestSuite.java:75)at org.apache.maven.surefire.testng.TestNGProvider.invoke(TestNGProvider.java:120)at org.apache.maven.surefire.booter.ForkedBooter.invokeProviderInSameClassLoader(ForkedBooter.java:379)at org.apache.maven.surefire.booter.ForkedBooter.runSuitesInProcess(ForkedBooter.java:340)at org.apache.maven.surefire.booter.ForkedBooter.execute(ForkedBooter.java:125)at org.apache.maven.surefire.booter.ForkedBooter.main(ForkedBooter.java:413)]]>
    </error>
  </testcase> <!-- flipkart -->
</testsuite> <!-- com.FlipkartKiwiqaFramework.product.ProductIndex -->
